2024-09-26 21:54:55.548 [info] [main] Log level: Info
2024-09-26 21:54:55.548 [info] [main] Validating found git in: "git"
2024-09-26 21:54:58.653 [info] [main] Using git "2.46.1" from "git"
2024-09-26 21:54:58.654 [info] [Model][doInitialScan] Initial repository scan started
2024-09-26 21:54:59.079 [info] > git rev-parse --show-toplevel [274ms]
2024-09-26 21:54:59.079 [info] fatal: not a git repository (or any of the parent directories): .git
2024-09-26 21:54:59.102 [info] > git rev-parse --show-toplevel [2ms]
2024-09-26 21:54:59.102 [info] fatal: not a git repository (or any of the parent directories): .git
2024-09-26 21:54:59.130 [info] [Model][doInitialScan] Initial repository scan completed - repositories (0), closed repositories (0), parent repositories (0), unsafe repositories (0)
2024-09-26 21:56:20.164 [info] > git rev-parse --show-toplevel [138ms]
2024-09-26 21:56:20.165 [info] fatal: not a git repository (or any of the parent directories): .git
2024-09-26 22:33:48.035 [info] > git rev-parse --show-toplevel [71ms]
2024-09-26 22:33:48.040 [info] fatal: not a git repository (or any of the parent directories): .git
2024-09-26 22:39:20.104 [info] > git rev-parse --show-toplevel [72ms]
2024-09-26 22:39:20.108 [info] fatal: not a git repository (or any of the parent directories): .git
2024-09-26 22:39:29.412 [info] > git rev-parse --show-toplevel [6ms]
2024-09-26 22:39:29.412 [info] fatal: not a git repository (or any of the parent directories): .git
2024-09-26 22:39:29.422 [info] > git rev-parse --show-toplevel [3ms]
2024-09-26 22:39:29.422 [info] fatal: not a git repository (or any of the parent directories): .git
2024-09-26 22:39:29.440 [info] > git rev-parse --show-toplevel [2ms]
2024-09-26 22:39:29.440 [info] fatal: not a git repository (or any of the parent directories): .git
2024-09-26 22:39:29.452 [info] > git rev-parse --show-toplevel [2ms]
2024-09-26 22:39:29.452 [info] fatal: not a git repository (or any of the parent directories): .git
2024-09-26 22:39:29.468 [info] > git rev-parse --show-toplevel [4ms]
2024-09-26 22:39:29.468 [info] fatal: not a git repository (or any of the parent directories): .git
2024-09-26 22:39:30.596 [info] > git rev-parse --show-toplevel [1ms]
2024-09-26 22:39:30.596 [info] fatal: not a git repository (or any of the parent directories): .git
2024-09-26 22:39:30.611 [info] > git rev-parse --show-toplevel [10ms]
2024-09-26 22:39:30.611 [info] fatal: not a git repository (or any of the parent directories): .git
2024-09-26 22:39:30.627 [info] > git rev-parse --show-toplevel [7ms]
2024-09-26 22:39:30.627 [info] fatal: not a git repository (or any of the parent directories): .git
2024-09-26 22:40:01.978 [info] > git rev-parse --show-toplevel [6ms]
2024-09-26 22:40:01.978 [info] fatal: not a git repository (or any of the parent directories): .git
2024-09-26 22:40:11.783 [info] > git rev-parse --show-toplevel [8ms]
2024-09-26 22:40:11.783 [info] fatal: not a git repository (or any of the parent directories): .git
2024-09-26 22:40:12.669 [info] > git rev-parse --show-toplevel [3ms]
2024-09-26 22:40:12.670 [info] fatal: not a git repository (or any of the parent directories): .git
2024-09-26 22:40:12.677 [info] > git rev-parse --show-toplevel [2ms]
2024-09-26 22:40:12.677 [info] fatal: not a git repository (or any of the parent directories): .git
2024-09-26 22:40:13.733 [info] > git rev-parse --show-toplevel [6ms]
2024-09-26 22:40:13.733 [info] fatal: not a git repository (or any of the parent directories): .git
2024-09-26 22:40:51.961 [info] > git rev-parse --show-toplevel [8ms]
2024-09-26 22:40:51.962 [info] fatal: not a git repository (or any of the parent directories): .git
2024-09-26 22:42:18.014 [info] > git rev-parse --show-toplevel [43ms]
2024-09-26 22:42:18.017 [info] fatal: not a git repository (or any of the parent directories): .git
