2024-09-19 16:08:22.139 [info] [main] Log level: Info
2024-09-19 16:08:22.139 [info] [main] Validating found git in: "git"
2024-09-19 16:08:22.139 [info] [main] Using git "2.46.1" from "git"
2024-09-19 16:08:22.139 [info] [Model][doInitialScan] Initial repository scan started
2024-09-19 16:08:22.139 [info] > git rev-parse --show-toplevel [179ms]
2024-09-19 16:08:22.144 [info] > git rev-parse --git-dir --git-common-dir [32ms]
2024-09-19 16:08:22.195 [info] [Model][openRepository] Opened repository: /repos/git_test
2024-09-19 16:08:22.424 [info] [Model][doInitialScan] Initial repository scan completed - repositories (1), closed repositories (0), parent repositories (0), unsafe repositories (0)
2024-09-19 16:08:22.587 [info] > git config --get commit.template [131ms]
2024-09-19 16:08:22.859 [info] > git for-each-ref --format=%(refname)%00%(upstream:short)%00%(objectname)%00%(upstream:track)%00%(upstream:remotename)%00%(upstream:remoteref) refs/heads/main refs/remotes/main [366ms]
2024-09-19 16:08:22.879 [warning] [Git][revParse] Unable to read file: ENOENT: no such file or directory, open '/repos/git_test/.git/refs/remotes/origin/main'
2024-09-19 16:08:22.881 [info] > git show --textconv :README.md [52ms]
2024-09-19 16:08:22.881 [info] > git ls-files --stage -- /repos/git_test/README.md [36ms]
2024-09-19 16:08:22.902 [info] > git rev-parse refs/remotes/origin/main [23ms]
2024-09-19 16:08:22.925 [info] > git cat-file -s f9894f4195f4854cfc3e3c55960200adebbc3ac5 [27ms]
2024-09-19 16:08:22.937 [info] > git status -z -uall [21ms]
2024-09-19 16:08:22.990 [info] > git for-each-ref --format=%(refname)%00%(upstream:short)%00%(objectname)%00%(upstream:track)%00%(upstream:remotename)%00%(upstream:remoteref) refs/heads/main refs/remotes/main [32ms]
2024-09-19 16:08:23.014 [info] > git config --get commit.template [19ms]
2024-09-19 16:08:23.016 [info] > git config --local branch.main.vscode-merge-base [15ms]
2024-09-19 16:08:23.016 [warning] [Git][config] git config failed: Failed to execute git
2024-09-19 16:08:23.080 [info] > git check-ignore -v -z --stdin [14ms]
2024-09-19 16:08:23.082 [info] > git reflog main --grep-reflog=branch: Created from *. [33ms]
2024-09-19 16:08:23.096 [info] > git for-each-ref --format=%(refname)%00%(upstream:short)%00%(objectname)%00%(upstream:track)%00%(upstream:remotename)%00%(upstream:remoteref) refs/heads/main refs/remotes/main [22ms]
2024-09-19 16:08:23.139 [warning] [Git][revParse] Unable to read file: ENOENT: no such file or directory, open '/repos/git_test/.git/refs/remotes/origin/main'
2024-09-19 16:08:23.141 [info] > git symbolic-ref --short refs/remotes/origin/HEAD [47ms]
2024-09-19 16:08:23.203 [info] > git for-each-ref --format=%(refname)%00%(upstream:short)%00%(objectname)%00%(upstream:track)%00%(upstream:remotename)%00%(upstream:remoteref) refs/heads/origin/main refs/remotes/origin/main [3ms]
2024-09-19 16:08:23.220 [info] > git rev-parse refs/remotes/origin/main [81ms]
2024-09-19 16:08:23.251 [info] > git config --local branch.main.vscode-merge-base origin/main [32ms]
2024-09-19 16:08:23.293 [info] > git status -z -uall [45ms] (cancelled)
2024-09-19 16:08:23.315 [info] > git config --get commit.template [23ms]
2024-09-19 16:08:23.316 [info] > git for-each-ref --format=%(refname)%00%(upstream:short)%00%(objectname)%00%(upstream:track)%00%(upstream:remotename)%00%(upstream:remoteref) refs/heads/main refs/remotes/main [4ms]
2024-09-19 16:08:23.324 [warning] [Git][revParse] Unable to read file: ENOENT: no such file or directory, open '/repos/git_test/.git/refs/remotes/origin/main'
2024-09-19 16:08:23.327 [info] > git rev-parse refs/remotes/origin/main [3ms]
2024-09-19 16:08:23.342 [info] > git status -z -uall [2ms]
2024-09-19 16:08:23.372 [info] > git for-each-ref --format=%(refname)%00%(upstream:short)%00%(objectname)%00%(upstream:track)%00%(upstream:remotename)%00%(upstream:remoteref) refs/heads/main refs/remotes/main [23ms]
2024-09-19 16:08:23.409 [info] > git merge-base refs/heads/main refs/remotes/origin/main [39ms]
2024-09-19 16:08:23.439 [info] > git config --local branch.main.vscode-merge-base [36ms]
2024-09-19 16:08:23.477 [info] > git rev-list --count --left-right refs/heads/main...refs/remotes/origin/main [41ms]
2024-09-19 16:08:23.522 [info] > git for-each-ref --format=%(refname)%00%(upstream:short)%00%(objectname)%00%(upstream:track)%00%(upstream:remotename)%00%(upstream:remoteref) refs/heads/origin/main refs/remotes/origin/main [58ms]
2024-09-19 16:08:23.524 [info] > git diff --name-status -z --diff-filter=ADMR d93d26a2aea032d19b279512b54cd5578a95901d...refs/remotes/origin/main [10ms]
2024-09-19 16:09:31.250 [info] > git config --get commit.template [33ms]
2024-09-19 16:09:31.255 [info] > git ls-files --stage -- /repos/git_test/README.md [17ms]
2024-09-19 16:09:31.265 [info] > git cat-file -s f9894f4195f4854cfc3e3c55960200adebbc3ac5 [4ms]
2024-09-19 16:09:31.273 [info] > git for-each-ref --format=%(refname)%00%(upstream:short)%00%(objectname)%00%(upstream:track)%00%(upstream:remotename)%00%(upstream:remoteref) refs/heads/main refs/remotes/main [67ms]
2024-09-19 16:09:31.279 [warning] [Git][revParse] Unable to read file: ENOENT: no such file or directory, open '/repos/git_test/.git/refs/remotes/origin/main'
2024-09-19 16:09:31.289 [info] > git rev-parse refs/remotes/origin/main [9ms]
2024-09-19 16:09:31.297 [info] > git show --textconv :README.md [11ms]
2024-09-19 16:09:31.302 [info] > git status -z -uall [6ms]
2024-09-19 16:09:31.316 [info] > git for-each-ref --format=%(refname)%00%(upstream:short)%00%(objectname)%00%(upstream:track)%00%(upstream:remotename)%00%(upstream:remoteref) refs/heads/main refs/remotes/main [5ms]
2024-09-19 16:09:31.331 [info] > git config --local branch.main.vscode-merge-base [6ms]
2024-09-19 16:09:31.344 [info] > git for-each-ref --format=%(refname)%00%(upstream:short)%00%(objectname)%00%(upstream:track)%00%(upstream:remotename)%00%(upstream:remoteref) refs/heads/origin/main refs/remotes/origin/main [5ms]
2024-09-19 16:09:39.137 [info] > git config --get commit.template [19ms]
2024-09-19 16:09:39.139 [info] > git for-each-ref --format=%(refname)%00%(upstream:short)%00%(objectname)%00%(upstream:track)%00%(upstream:remotename)%00%(upstream:remoteref) refs/heads/main refs/remotes/main [11ms]
2024-09-19 16:09:39.145 [warning] [Git][revParse] Unable to read file: ENOENT: no such file or directory, open '/repos/git_test/.git/refs/remotes/origin/main'
2024-09-19 16:09:39.146 [info] > git rev-parse refs/remotes/origin/main [2ms]
2024-09-19 16:09:39.163 [info] > git status -z -uall [6ms]
2024-09-19 16:09:39.183 [info] > git for-each-ref --format=%(refname)%00%(upstream:short)%00%(objectname)%00%(upstream:track)%00%(upstream:remotename)%00%(upstream:remoteref) refs/heads/main refs/remotes/main [10ms]
2024-09-19 16:09:39.193 [info] > git config --local branch.main.vscode-merge-base [2ms]
2024-09-19 16:09:39.204 [info] > git for-each-ref --format=%(refname)%00%(upstream:short)%00%(objectname)%00%(upstream:track)%00%(upstream:remotename)%00%(upstream:remoteref) refs/heads/origin/main refs/remotes/origin/main [2ms]
2024-09-19 16:09:53.657 [info] > git config --get commit.template [14ms]
2024-09-19 16:09:53.666 [info] > git for-each-ref --format=%(refname)%00%(upstream:short)%00%(objectname)%00%(upstream:track)%00%(upstream:remotename)%00%(upstream:remoteref) refs/heads/main refs/remotes/main [10ms]
2024-09-19 16:09:53.673 [warning] [Git][revParse] Unable to read file: ENOENT: no such file or directory, open '/repos/git_test/.git/refs/remotes/origin/main'
2024-09-19 16:09:53.683 [info] > git rev-parse refs/remotes/origin/main [9ms]
2024-09-19 16:09:53.696 [info] > git status -z -uall [3ms]
2024-09-19 16:09:53.710 [info] > git for-each-ref --format=%(refname)%00%(upstream:short)%00%(objectname)%00%(upstream:track)%00%(upstream:remotename)%00%(upstream:remoteref) refs/heads/main refs/remotes/main [3ms]
2024-09-19 16:09:53.728 [info] > git config --local branch.main.vscode-merge-base [3ms]
2024-09-19 16:09:53.759 [info] > git for-each-ref --format=%(refname)%00%(upstream:short)%00%(objectname)%00%(upstream:track)%00%(upstream:remotename)%00%(upstream:remoteref) refs/heads/origin/main refs/remotes/origin/main [4ms]
2024-09-19 16:10:00.746 [info] > git config --get commit.template [4ms]
2024-09-19 16:10:00.753 [info] > git for-each-ref --format=%(refname)%00%(upstream:short)%00%(objectname)%00%(upstream:track)%00%(upstream:remotename)%00%(upstream:remoteref) refs/heads/main refs/remotes/main [2ms]
2024-09-19 16:10:00.769 [warning] [Git][revParse] Unable to read file: ENOENT: no such file or directory, open '/repos/git_test/.git/refs/remotes/origin/main'
2024-09-19 16:10:00.770 [info] > git rev-parse refs/remotes/origin/main [1ms]
2024-09-19 16:10:00.778 [info] > git status -z -uall [3ms]
2024-09-19 16:10:00.791 [info] > git for-each-ref --format=%(refname)%00%(upstream:short)%00%(objectname)%00%(upstream:track)%00%(upstream:remotename)%00%(upstream:remoteref) refs/heads/main refs/remotes/main [5ms]
2024-09-19 16:10:00.804 [info] > git config --local branch.main.vscode-merge-base [3ms]
2024-09-19 16:10:00.815 [info] > git for-each-ref --format=%(refname)%00%(upstream:short)%00%(objectname)%00%(upstream:track)%00%(upstream:remotename)%00%(upstream:remoteref) refs/heads/origin/main refs/remotes/origin/main [4ms]
2024-09-19 16:12:58.148 [info] > git show --textconv :hello_world.txt [229ms]
2024-09-19 16:12:58.346 [info] > git config --get commit.template [653ms]
2024-09-19 16:12:58.393 [info] > git ls-files --stage -- /repos/git_test/hello_world.txt [490ms]
2024-09-19 16:12:58.471 [info] > git cat-file -s e69de29bb2d1d6434b8b29ae775ad8c2e48c5391 [55ms]
2024-09-19 16:12:58.479 [info] > git for-each-ref --format=%(refname)%00%(upstream:short)%00%(objectname)%00%(upstream:track)%00%(upstream:remotename)%00%(upstream:remoteref) refs/heads/main refs/remotes/main [17ms]
2024-09-19 16:12:58.507 [warning] [Git][revParse] Unable to read file: ENOENT: no such file or directory, open '/repos/git_test/.git/refs/remotes/origin/main'
2024-09-19 16:12:58.515 [info] > git rev-parse refs/remotes/origin/main [9ms]
2024-09-19 16:12:58.540 [info] > git status -z -uall [19ms]
2024-09-19 16:12:58.588 [info] > git for-each-ref --format=%(refname)%00%(upstream:short)%00%(objectname)%00%(upstream:track)%00%(upstream:remotename)%00%(upstream:remoteref) refs/heads/main refs/remotes/main [6ms]
2024-09-19 16:12:58.597 [info] > git config --local branch.main.vscode-merge-base [2ms]
2024-09-19 16:12:58.604 [info] > git for-each-ref --format=%(refname)%00%(upstream:short)%00%(objectname)%00%(upstream:track)%00%(upstream:remotename)%00%(upstream:remoteref) refs/heads/origin/main refs/remotes/origin/main [2ms]
2024-09-19 16:13:03.977 [info] > git config --get commit.template [6ms]
2024-09-19 16:13:03.995 [info] > git for-each-ref --format=%(refname)%00%(upstream:short)%00%(objectname)%00%(upstream:track)%00%(upstream:remotename)%00%(upstream:remoteref) refs/heads/main refs/remotes/main [5ms]
2024-09-19 16:13:04.007 [warning] [Git][revParse] Unable to read file: ENOENT: no such file or directory, open '/repos/git_test/.git/refs/remotes/origin/main'
2024-09-19 16:13:04.008 [info] > git rev-parse refs/remotes/origin/main [1ms]
2024-09-19 16:13:04.054 [info] > git status -z -uall [18ms]
2024-09-19 16:13:04.221 [info] > git for-each-ref --format=%(refname)%00%(upstream:short)%00%(objectname)%00%(upstream:track)%00%(upstream:remotename)%00%(upstream:remoteref) refs/heads/main refs/remotes/main [39ms]
2024-09-19 16:13:04.261 [info] > git config --local branch.main.vscode-merge-base [2ms]
2024-09-19 16:13:04.271 [info] > git for-each-ref --format=%(refname)%00%(upstream:short)%00%(objectname)%00%(upstream:track)%00%(upstream:remotename)%00%(upstream:remoteref) refs/heads/origin/main refs/remotes/origin/main [1ms]
2024-09-19 16:15:14.821 [info] > git config --get commit.template [27ms]
2024-09-19 16:15:14.843 [info] > git for-each-ref --format=%(refname)%00%(upstream:short)%00%(objectname)%00%(upstream:track)%00%(upstream:remotename)%00%(upstream:remoteref) refs/heads/main refs/remotes/main [53ms]
2024-09-19 16:15:14.853 [warning] [Git][revParse] Unable to read file: ENOENT: no such file or directory, open '/repos/git_test/.git/refs/remotes/origin/main'
2024-09-19 16:15:14.858 [info] > git ls-files --stage -- /repos/git_test/hello_world.txt [21ms]
2024-09-19 16:15:14.880 [info] > git rev-parse refs/remotes/origin/main [29ms]
2024-09-19 16:15:14.899 [info] > git status -z -uall [3ms]
2024-09-19 16:15:14.940 [info] > git cat-file -s 949e7a24c54f29c8e0bc37dd391f2702865a610c [64ms]
2024-09-19 16:15:14.958 [info] > git for-each-ref --format=%(refname)%00%(upstream:short)%00%(objectname)%00%(upstream:track)%00%(upstream:remotename)%00%(upstream:remoteref) refs/heads/main refs/remotes/main [27ms]
2024-09-19 16:15:14.967 [info] > git config --local branch.main.vscode-merge-base [1ms]
2024-09-19 16:15:14.979 [info] > git for-each-ref --format=%(refname)%00%(upstream:short)%00%(objectname)%00%(upstream:track)%00%(upstream:remotename)%00%(upstream:remoteref) refs/heads/origin/main refs/remotes/origin/main [5ms]
2024-09-19 16:15:15.067 [info] > git show --textconv :hello_world.txt [10ms]
