2024-09-26 22:20:37.347 [info] Extension host with pid 9915 started
2024-09-26 22:20:37.602 [info] ExtensionService#_doActivateExtension vscode.git-base, startup: true, activationEvent: '*'
2024-09-26 22:20:37.715 [info] Lock '/root/.vscode-server/data/User/workspaceStorage/9ce5bdf3d3a8a8b9ab8b71d88b5f2de2/vscode.lock': Lock acquired.
2024-09-26 22:20:37.761 [info] ExtensionService#_doActivateExtension vscode.github, startup: true, activationEvent: '*'
2024-09-26 22:20:37.957 [info] Eager extensions activated
2024-09-26 22:20:37.969 [info] ExtensionService#_doActivateExtension vscode.debug-auto-launch, startup: false, activationEvent: 'onStartupFinished'
2024-09-26 22:20:37.972 [info] ExtensionService#_doActivateExtension vscode.merge-conflict, startup: false, activationEvent: 'onStartupFinished'
2024-09-26 22:20:38.432 [info] ExtensionService#_doActivateExtension vscode.git, startup: false, activationEvent: 'api', root cause: vscode.github
2024-09-26 22:53:01.784 [error] Error: ENOENT: no such file or directory, open '/root/.vscode-server/data/User/workspaceStorage/9ce5bdf3d3a8a8b9ab8b71d88b5f2de2/vscode.lock'
	at async open (node:internal/fs/promises:639:25)
	at async Object.readFile (node:internal/fs/promises:1249:14)
	at async m (/root/.vscode-server/bin/38c31bc77e0dd6ae88a4e9cc93428cc27a56ba40/out/vs/workbench/api/node/extensionHostProcess.js:163:61223)
	at async /root/.vscode-server/bin/38c31bc77e0dd6ae88a4e9cc93428cc27a56ba40/out/vs/workbench/api/node/extensionHostProcess.js:163:60224
2024-09-26 22:53:01.801 [info] Lock '/root/.vscode-server/data/User/workspaceStorage/9ce5bdf3d3a8a8b9ab8b71d88b5f2de2/vscode.lock': The lock was lost unexpectedly.
2024-09-26 22:53:01.812 [error] Error: ENOENT: no such file or directory, utime '/root/.vscode-server/data/User/workspaceStorage/9ce5bdf3d3a8a8b9ab8b71d88b5f2de2/vscode.lock'
	at async Object.utimes (node:internal/fs/promises:1134:10)
	at async /root/.vscode-server/bin/38c31bc77e0dd6ae88a4e9cc93428cc27a56ba40/out/vs/workbench/api/node/extensionHostProcess.js:163:60341
2024-09-26 22:53:01.812 [info] Lock '/root/.vscode-server/data/User/workspaceStorage/9ce5bdf3d3a8a8b9ab8b71d88b5f2de2/vscode.lock': Could not update mtime.
2024-09-26 22:56:18.760 [info] ExtensionService#_doActivateExtension vscode.emmet, startup: false, activationEvent: 'onLanguage'
2024-09-26 22:58:22.089 [info] Extension host terminating: received terminate message from renderer
2024-09-26 22:58:22.160 [info] Lock '/root/.vscode-server/data/User/workspaceStorage/9ce5bdf3d3a8a8b9ab8b71d88b5f2de2/vscode.lock': Marking the lockfile as scheduled to be released in 6000 ms.
2024-09-26 22:58:25.316 [info] Extension host with pid 9915 exiting with code 0
